2024-02-05 18:10:48,814 [Worker-5: Loading available Gradle versions] INFO  o.e.b.c.i.u.g.PublishedGradleVersions - Gradle version information cache is up-to-date. Trying to read.
2024-02-05 18:20:03,214 [Worker-5: Building] INFO  o.e.m.c.i.l.LifecycleMappingFactory - Using org.eclipse.m2e.jdt.JarLifecycleMapping lifecycle mapping for MavenProject: POC:selenium-jar:0.0.1-SNAPSHOT @ C:\Udemy_Selenium\SeleniumTraining\POC_NatureFit\POC\pom.xml.
2024-02-05 18:20:05,131 [Worker-3: Enabling Maven Dependency Management] INFO  o.e.m.c.i.l.LifecycleMappingFactory - Using org.eclipse.m2e.jdt.JarLifecycleMapping lifecycle mapping for MavenProject: POC:selenium-jar:0.0.1-SNAPSHOT @ C:\Udemy_Selenium\SeleniumTraining\POC_NatureFit\POC\pom.xml.
2024-02-05 18:20:07,212 [Worker-3: Enabling Maven Dependency Management] INFO  o.e.m.j.i.AbstractJavaProjectConfigurator - Adding source folder /POC/src
2024-02-05 18:20:07,213 [Worker-3: Enabling Maven Dependency Management] INFO  o.e.m.j.i.AbstractJavaProjectConfigurator - Resources folder /POC/src/main/resources overlaps with sources folder /POC/src
2024-02-05 18:20:07,219 [Worker-3: Enabling Maven Dependency Management] INFO  o.e.m.j.i.AbstractJavaProjectConfigurator - Not adding source folder /POC/src/test/java because it overlaps with /POC/src
2024-02-05 18:20:07,220 [Worker-3: Enabling Maven Dependency Management] INFO  o.e.m.j.i.AbstractJavaProjectConfigurator - Resources folder /POC/src/test/resources overlaps with sources folder /POC/src
2024-02-05 18:20:08,381 [Worker-3: Enabling Maven Dependency Management] INFO  o.e.m.c.i.p.ProjectConfigurationManager - Update started
2024-02-05 18:20:09,852 [Worker-3: Enabling Maven Dependency Management] INFO  o.e.m.c.i.l.LifecycleMappingFactory - Using org.eclipse.m2e.jdt.JarLifecycleMapping lifecycle mapping for MavenProject: POC:selenium-jar:0.0.1-SNAPSHOT @ C:\Udemy_Selenium\SeleniumTraining\POC_NatureFit\POC\pom.xml.
2024-02-05 18:20:11,197 [Worker-6: Building] WARN  o.a.m.s.f.DefaultMavenResourcesFiltering - Using platform encoding (Cp1252 actually) to copy filtered resources, i.e. build is platform dependent!
2024-02-05 18:20:11,199 [Worker-6: Building] INFO  o.a.m.s.f.DefaultMavenResourcesFiltering - skip non existing resourceDirectory C:\Udemy_Selenium\SeleniumTraining\POC_NatureFit\POC\src\main\resources
2024-02-05 18:20:11,208 [Worker-6: Building] WARN  o.a.m.s.f.DefaultMavenResourcesFiltering - Using platform encoding (Cp1252 actually) to copy filtered resources, i.e. build is platform dependent!
2024-02-05 18:20:11,212 [Worker-6: Building] INFO  o.a.m.s.f.DefaultMavenResourcesFiltering - skip non existing resourceDirectory C:\Udemy_Selenium\SeleniumTraining\POC_NatureFit\POC\src\test\resources
2024-02-05 18:20:11,898 [Worker-3: Enabling Maven Dependency Management] INFO  o.e.m.j.i.AbstractJavaProjectConfigurator - Adding source folder /POC/src
2024-02-05 18:20:11,899 [Worker-3: Enabling Maven Dependency Management] INFO  o.e.m.j.i.AbstractJavaProjectConfigurator - Resources folder /POC/src/main/resources overlaps with sources folder /POC/src
2024-02-05 18:20:11,900 [Worker-3: Enabling Maven Dependency Management] INFO  o.e.m.j.i.AbstractJavaProjectConfigurator - Not adding source folder /POC/src/test/java because it overlaps with /POC/src
2024-02-05 18:20:11,900 [Worker-3: Enabling Maven Dependency Management] INFO  o.e.m.j.i.AbstractJavaProjectConfigurator - Resources folder /POC/src/test/resources overlaps with sources folder /POC/src
2024-02-05 18:20:12,171 [Worker-3: Enabling Maven Dependency Management] INFO  o.e.m.c.i.p.ProjectConfigurationManager - Update completed for 1 poms: local refresh takes 0.00 sec, refresh facades takes 2.00 sec, update config takes 1.00 sec 
2024-02-05 18:20:13,085 [Worker-12: Building] WARN  o.a.m.s.f.DefaultMavenResourcesFiltering - Using platform encoding (Cp1252 actually) to copy filtered resources, i.e. build is platform dependent!
2024-02-05 18:20:13,087 [Worker-12: Building] INFO  o.a.m.s.f.DefaultMavenResourcesFiltering - skip non existing resourceDirectory C:\Udemy_Selenium\SeleniumTraining\POC_NatureFit\POC\src\main\resources
2024-02-05 18:20:13,093 [Worker-12: Building] WARN  o.a.m.s.f.DefaultMavenResourcesFiltering - Using platform encoding (Cp1252 actually) to copy filtered resources, i.e. build is platform dependent!
2024-02-05 18:20:13,094 [Worker-12: Building] INFO  o.a.m.s.f.DefaultMavenResourcesFiltering - skip non existing resourceDirectory C:\Udemy_Selenium\SeleniumTraining\POC_NatureFit\POC\src\test\resources
2024-02-05 18:21:08,016 [Worker-12: Building] INFO  o.e.m.c.i.l.LifecycleMappingFactory - Using org.eclipse.m2e.jdt.JarLifecycleMapping lifecycle mapping for MavenProject: POC:selenium-jar:0.0.1-SNAPSHOT @ C:\Udemy_Selenium\SeleniumTraining\POC_NatureFit\POC\pom.xml.
2024-02-05 18:21:08,920 [Worker-12: Building] WARN  o.a.m.s.f.DefaultMavenResourcesFiltering - Using platform encoding (Cp1252 actually) to copy filtered resources, i.e. build is platform dependent!
2024-02-05 18:21:08,926 [Worker-12: Building] INFO  o.a.m.s.f.DefaultMavenResourcesFiltering - skip non existing resourceDirectory C:\Udemy_Selenium\SeleniumTraining\POC_NatureFit\POC\src\main\resources
2024-02-05 18:21:08,934 [Worker-12: Building] WARN  o.a.m.s.f.DefaultMavenResourcesFiltering - Using platform encoding (Cp1252 actually) to copy filtered resources, i.e. build is platform dependent!
2024-02-05 18:21:08,936 [Worker-12: Building] INFO  o.a.m.s.f.DefaultMavenResourcesFiltering - skip non existing resourceDirectory C:\Udemy_Selenium\SeleniumTraining\POC_NatureFit\POC\src\test\resources
2024-02-05 18:21:20,264 [Worker-2: Building] WARN  o.a.m.s.f.DefaultMavenResourcesFiltering - Using platform encoding (Cp1252 actually) to copy filtered resources, i.e. build is platform dependent!
2024-02-05 18:21:20,271 [Worker-2: Building] INFO  o.a.m.s.f.DefaultMavenResourcesFiltering - skip non existing resourceDirectory C:\Udemy_Selenium\SeleniumTraining\POC_NatureFit\POC\src\main\resources
2024-02-05 18:21:20,284 [Worker-2: Building] WARN  o.a.m.s.f.DefaultMavenResourcesFiltering - Using platform encoding (Cp1252 actually) to copy filtered resources, i.e. build is platform dependent!
2024-02-05 18:21:20,287 [Worker-2: Building] INFO  o.a.m.s.f.DefaultMavenResourcesFiltering - skip non existing resourceDirectory C:\Udemy_Selenium\SeleniumTraining\POC_NatureFit\POC\src\test\resources
2024-02-05 18:25:55,680 [Worker-2: Building] WARN  o.a.m.s.f.DefaultMavenResourcesFiltering - Using platform encoding (Cp1252 actually) to copy filtered resources, i.e. build is platform dependent!
2024-02-05 18:25:55,697 [Worker-2: Building] INFO  o.a.m.s.f.DefaultMavenResourcesFiltering - skip non existing resourceDirectory C:\Udemy_Selenium\SeleniumTraining\POC_NatureFit\POC\src\main\resources
2024-02-05 18:25:55,710 [Worker-2: Building] WARN  o.a.m.s.f.DefaultMavenResourcesFiltering - Using platform encoding (Cp1252 actually) to copy filtered resources, i.e. build is platform dependent!
2024-02-05 18:25:55,712 [Worker-2: Building] INFO  o.a.m.s.f.DefaultMavenResourcesFiltering - skip non existing resourceDirectory C:\Udemy_Selenium\SeleniumTraining\POC_NatureFit\POC\src\test\resources
